<?xml version="1.0" encoding="UTF-8"?>
<!-- Generated by org.testng.reporters.JUnitReportReporter -->
<testsuite hostname="HAMC02T91Y4G8WL" failures="0" tests="1" name="com.WeatherShopper.ProductTypeTest" time="6.724" errors="0" timestamp="2021-03-17T16:22:57 CET" skipped="0">
  <testcase classname="com.WeatherShopper.ProductTypeTest" name="chooseProductType" time="6.724"/>
  <system-out/>
</testsuite> <!-- com.WeatherShopper.ProductTypeTest -->
