<?xml version="1.0" encoding="UTF-8"?>
<!-- Generated by org.testng.reporters.JUnitReportReporter -->
<testsuite hostname="HAMC02T91Y4G8WL" failures="0" tests="1" name="com.WeatherShopper.ProductTypeTest" time="2.921" errors="0" timestamp="2021-03-16T13:48:37 CET" skipped="0">
  <testcase classname="com.WeatherShopper.ProductTypeTest" name="chooseProductType" time="2.921"/>
</testsuite> <!-- com.WeatherShopper.ProductTypeTest -->
